<?xml version="1.0" encoding="utf-8"?><testsuites><testsuite name="pytest" errors="0" failures="0" skipped="0" tests="14" time="191.586" timestamp="2024-05-21T10:56:26.030186" hostname="biobb-runners"><testcase classname="biobb_gromacs.test.unitests.test_gromacs.test_editconf.TestEditconf" name="test_editconf" time="0.103" /><testcase classname="biobb_gromacs.test.unitests.test_gromacs.test_genion.TestGenion" name="test_genion" time="0.260" /><testcase classname="biobb_gromacs.test.unitests.test_gromacs.test_genrestr.TestGenrestr" name="test_genrestr" time="0.533" /><testcase classname="biobb_gromacs.test.unitests.test_gromacs.test_genrestr.TestGenrestr" name="test_genrestr_noNDX" time="0.859" /><testcase classname="biobb_gromacs.test.unitests.test_gromacs.test_gmxselect.TestGmxselect" name="test_select" time="0.242" /><testcase classname="biobb_gromacs.test.unitests.test_gromacs.test_grompp.TestGrompp" name="test_grompp" time="0.303" /><testcase classname="biobb_gromacs.test.unitests.test_gromacs.test_grompp_mdrun.TestGromppMdrun" name="test_grompp_mdrun" time="71.778" /><testcase classname="biobb_gromacs.test.unitests.test_gromacs.test_make_ndx.TestMakeNdx" name="test_make_ndx" time="0.130" /><testcase classname="biobb_gromacs.test.unitests.test_gromacs.test_mdrun.TestMdrun" name="test_mdrun" time="109.557" /><testcase classname="biobb_gromacs.test.unitests.test_gromacs.test_pdb2gmx.TestPdb2gmx" name="test_pdb2gmx" time="1.408" /><testcase classname="biobb_gromacs.test.unitests.test_gromacs.test_solvate.TestSolvate" name="test_solvate" time="0.776" /><testcase classname="biobb_gromacs.test.unitests.test_gromacs.test_trjcat.TestSolvate" name="test_solvate" time="0.261" /><testcase classname="biobb_gromacs.test.unitests.test_gromacs_extra.test_append_ligand.TestAppendLigand" name="test_append_ligand" time="2.254" /><testcase classname="biobb_gromacs.test.unitests.test_gromacs_extra.test_ndx2resttop.TestNdx2resttop" name="test_ndx2resttop" time="2.435" /></testsuite></testsuites>