<?xml version="1.0" encoding="utf-8"?><testsuites name="pytest tests"><testsuite name="pytest" errors="0" failures="0" skipped="0" tests="14" time="264.376" timestamp="2025-06-06T10:56:51.602999+00:00" hostname="fv-az1050-365"><testcase classname="biobb_gromacs.test.unitests.test_gromacs.test_editconf.TestEditconf" name="test_editconf" time="0.095" /><testcase classname="biobb_gromacs.test.unitests.test_gromacs.test_genion.TestGenion" name="test_genion" time="0.188" /><testcase classname="biobb_gromacs.test.unitests.test_gromacs.test_genrestr.TestGenrestr" name="test_genrestr" time="0.476" /><testcase classname="biobb_gromacs.test.unitests.test_gromacs.test_genrestr.TestGenrestr" name="test_genrestr_noNDX" time="0.802" /><testcase classname="biobb_gromacs.test.unitests.test_gromacs.test_gmxselect.TestGmxselect" name="test_select" time="0.226" /><testcase classname="biobb_gromacs.test.unitests.test_gromacs.test_grompp.TestGrompp" name="test_grompp" time="0.457" /><testcase classname="biobb_gromacs.test.unitests.test_gromacs.test_grompp_mdrun.TestGromppMdrun" name="test_grompp_mdrun" time="100.521" /><testcase classname="biobb_gromacs.test.unitests.test_gromacs.test_make_ndx.TestMakeNdx" name="test_make_ndx" time="0.095" /><testcase classname="biobb_gromacs.test.unitests.test_gromacs.test_mdrun.TestMdrun" name="test_mdrun" time="155.858" /><testcase classname="biobb_gromacs.test.unitests.test_gromacs.test_pdb2gmx.TestPdb2gmx" name="test_pdb2gmx" time="1.361" /><testcase classname="biobb_gromacs.test.unitests.test_gromacs.test_solvate.TestSolvate" name="test_solvate" time="0.630" /><testcase classname="biobb_gromacs.test.unitests.test_gromacs.test_trjcat.TestSolvate" name="test_solvate" time="0.214" /><testcase classname="biobb_gromacs.test.unitests.test_gromacs_extra.test_append_ligand.TestAppendLigand" name="test_append_ligand" time="2.098" /><testcase classname="biobb_gromacs.test.unitests.test_gromacs_extra.test_ndx2resttop.TestNdx2resttop" name="test_ndx2resttop" time="0.776" /></testsuite></testsuites>