<?xml version="1.0" encoding="utf-8"?><testsuites name="pytest tests"><testsuite name="pytest" errors="0" failures="0" skipped="0" tests="14" time="265.217" timestamp="2025-06-06T10:42:56.353937+00:00" hostname="fv-az1326-828"><testcase classname="biobb_gromacs.test.unitests.test_gromacs.test_editconf.TestEditconf" name="test_editconf" time="0.107" /><testcase classname="biobb_gromacs.test.unitests.test_gromacs.test_genion.TestGenion" name="test_genion" time="0.223" /><testcase classname="biobb_gromacs.test.unitests.test_gromacs.test_genrestr.TestGenrestr" name="test_genrestr" time="0.391" /><testcase classname="biobb_gromacs.test.unitests.test_gromacs.test_genrestr.TestGenrestr" name="test_genrestr_noNDX" time="0.610" /><testcase classname="biobb_gromacs.test.unitests.test_gromacs.test_gmxselect.TestGmxselect" name="test_select" time="0.209" /><testcase classname="biobb_gromacs.test.unitests.test_gromacs.test_grompp.TestGrompp" name="test_grompp" time="0.450" /><testcase classname="biobb_gromacs.test.unitests.test_gromacs.test_grompp_mdrun.TestGromppMdrun" name="test_grompp_mdrun" time="100.871" /><testcase classname="biobb_gromacs.test.unitests.test_gromacs.test_make_ndx.TestMakeNdx" name="test_make_ndx" time="0.086" /><testcase classname="biobb_gromacs.test.unitests.test_gromacs.test_mdrun.TestMdrun" name="test_mdrun" time="156.741" /><testcase classname="biobb_gromacs.test.unitests.test_gromacs.test_pdb2gmx.TestPdb2gmx" name="test_pdb2gmx" time="1.283" /><testcase classname="biobb_gromacs.test.unitests.test_gromacs.test_solvate.TestSolvate" name="test_solvate" time="0.605" /><testcase classname="biobb_gromacs.test.unitests.test_gromacs.test_trjcat.TestSolvate" name="test_solvate" time="0.208" /><testcase classname="biobb_gromacs.test.unitests.test_gromacs_extra.test_append_ligand.TestAppendLigand" name="test_append_ligand" time="1.597" /><testcase classname="biobb_gromacs.test.unitests.test_gromacs_extra.test_ndx2resttop.TestNdx2resttop" name="test_ndx2resttop" time="0.781" /></testsuite></testsuites>