<?xml version="1.0" encoding="utf-8"?><testsuites name="pytest tests"><testsuite name="pytest" errors="0" failures="0" skipped="0" tests="14" time="270.018" timestamp="2025-06-05T14:52:24.258037+00:00" hostname="fv-az1307-544"><testcase classname="biobb_gromacs.test.unitests.test_gromacs.test_editconf.TestEditconf" name="test_editconf" time="0.096" /><testcase classname="biobb_gromacs.test.unitests.test_gromacs.test_genion.TestGenion" name="test_genion" time="0.369" /><testcase classname="biobb_gromacs.test.unitests.test_gromacs.test_genrestr.TestGenrestr" name="test_genrestr" time="0.492" /><testcase classname="biobb_gromacs.test.unitests.test_gromacs.test_genrestr.TestGenrestr" name="test_genrestr_noNDX" time="0.836" /><testcase classname="biobb_gromacs.test.unitests.test_gromacs.test_gmxselect.TestGmxselect" name="test_select" time="0.225" /><testcase classname="biobb_gromacs.test.unitests.test_gromacs.test_grompp.TestGrompp" name="test_grompp" time="0.451" /><testcase classname="biobb_gromacs.test.unitests.test_gromacs.test_grompp_mdrun.TestGromppMdrun" name="test_grompp_mdrun" time="101.449" /><testcase classname="biobb_gromacs.test.unitests.test_gromacs.test_make_ndx.TestMakeNdx" name="test_make_ndx" time="0.099" /><testcase classname="biobb_gromacs.test.unitests.test_gromacs.test_mdrun.TestMdrun" name="test_mdrun" time="158.922" /><testcase classname="biobb_gromacs.test.unitests.test_gromacs.test_pdb2gmx.TestPdb2gmx" name="test_pdb2gmx" time="1.408" /><testcase classname="biobb_gromacs.test.unitests.test_gromacs.test_solvate.TestSolvate" name="test_solvate" time="0.633" /><testcase classname="biobb_gromacs.test.unitests.test_gromacs.test_trjcat.TestSolvate" name="test_solvate" time="0.215" /><testcase classname="biobb_gromacs.test.unitests.test_gromacs_extra.test_append_ligand.TestAppendLigand" name="test_append_ligand" time="2.080" /><testcase classname="biobb_gromacs.test.unitests.test_gromacs_extra.test_ndx2resttop.TestNdx2resttop" name="test_ndx2resttop" time="2.159" /></testsuite></testsuites>