<?xml version="1.0" encoding="utf-8"?><testsuites><testsuite name="pytest" errors="0" failures="0" skipped="0" tests="14" time="192.113" timestamp="2025-01-08T14:48:16.894459+00:00" hostname="biobb-runners"><testcase classname="biobb_gromacs.test.unitests.test_gromacs.test_editconf.TestEditconf" name="test_editconf" time="0.100" /><testcase classname="biobb_gromacs.test.unitests.test_gromacs.test_genion.TestGenion" name="test_genion" time="0.197" /><testcase classname="biobb_gromacs.test.unitests.test_gromacs.test_genrestr.TestGenrestr" name="test_genrestr" time="0.524" /><testcase classname="biobb_gromacs.test.unitests.test_gromacs.test_genrestr.TestGenrestr" name="test_genrestr_noNDX" time="1.090" /><testcase classname="biobb_gromacs.test.unitests.test_gromacs.test_gmxselect.TestGmxselect" name="test_select" time="0.246" /><testcase classname="biobb_gromacs.test.unitests.test_gromacs.test_grompp.TestGrompp" name="test_grompp" time="0.519" /><testcase classname="biobb_gromacs.test.unitests.test_gromacs.test_grompp_mdrun.TestGromppMdrun" name="test_grompp_mdrun" time="72.444" /><testcase classname="biobb_gromacs.test.unitests.test_gromacs.test_make_ndx.TestMakeNdx" name="test_make_ndx" time="0.111" /><testcase classname="biobb_gromacs.test.unitests.test_gromacs.test_mdrun.TestMdrun" name="test_mdrun" time="109.103" /><testcase classname="biobb_gromacs.test.unitests.test_gromacs.test_pdb2gmx.TestPdb2gmx" name="test_pdb2gmx" time="1.448" /><testcase classname="biobb_gromacs.test.unitests.test_gromacs.test_solvate.TestSolvate" name="test_solvate" time="0.765" /><testcase classname="biobb_gromacs.test.unitests.test_gromacs.test_trjcat.TestSolvate" name="test_solvate" time="0.265" /><testcase classname="biobb_gromacs.test.unitests.test_gromacs_extra.test_append_ligand.TestAppendLigand" name="test_append_ligand" time="2.320" /><testcase classname="biobb_gromacs.test.unitests.test_gromacs_extra.test_ndx2resttop.TestNdx2resttop" name="test_ndx2resttop" time="2.410" /></testsuite></testsuites>